TN:
SF:backend/mockdb.js
FNF:0
FNH:0
DA:1,1
DA:9,1
LF:2
LH:2
BRF:0
BRH:0
end_of_record
TN:
SF:backend/passport.js
FN:7,(anonymous_0)
FN:8,(anonymous_1)
FN:23,(anonymous_2)
FN:26,(anonymous_3)
FN:27,(anonymous_4)
FNF:5
FNH:5
FNDA:3,(anonymous_0)
FNDA:3,(anonymous_1)
FNDA:1,(anonymous_2)
FNDA:6,(anonymous_3)
FNDA:6,(anonymous_4)
DA:1,1
DA:2,1
DA:3,1
DA:4,1
DA:5,1
DA:6,1
DA:8,3
DA:9,3
DA:10,1
DA:12,2
DA:13,1
DA:15,1
DA:16,1
DA:18,1
DA:23,1
DA:24,1
DA:26,1
DA:27,6
DA:28,6
LF:19
LH:19
BRDA:9,0,0,1
BRDA:9,0,1,2
BRDA:12,1,0,1
BRDA:12,1,1,1
BRF:4
BRH:4
end_of_record
TN:
SF:backend/passportauth.js
FN:2,(anonymous_0)
FN:9,(anonymous_1)
FNF:2
FNH:2
FNDA:8,(anonymous_0)
FNDA:6,(anonymous_1)
DA:2,1
DA:3,8
DA:4,6
DA:6,2
DA:9,1
DA:10,6
DA:11,0
DA:13,6
LF:8
LH:7
BRDA:3,0,0,6
BRDA:3,0,1,2
BRDA:10,1,0,0
BRDA:10,1,1,6
BRF:4
BRH:3
end_of_record
TN:
SF:backend/server.js
FN:22,(anonymous_0)
FNF:1
FNH:0
FNDA:0,(anonymous_0)
DA:1,1
DA:2,1
DA:3,1
DA:4,1
DA:5,1
DA:6,1
DA:7,1
DA:8,1
DA:10,1
DA:16,1
DA:18,1
DA:19,1
DA:20,1
DA:22,1
DA:23,0
DA:27,1
DA:29,1
DA:30,1
DA:32,1
DA:33,1
DA:34,1
DA:36,1
DA:37,1
DA:38,1
DA:39,1
DA:40,1
DA:41,1
DA:43,1
DA:44,1
DA:46,1
LF:30
LH:29
BRF:0
BRH:0
end_of_record
TN:
SF:backend/routes/getquote.js
FN:5,(anonymous_0)
FN:8,(anonymous_1)
FNF:2
FNH:0
FNDA:0,(anonymous_0)
FNDA:0,(anonymous_1)
DA:1,1
DA:2,1
DA:3,1
DA:4,1
DA:5,1
DA:6,0
DA:8,1
DA:11,1
LF:8
LH:7
BRF:0
BRH:0
end_of_record
TN:
SF:backend/routes/login.js
FN:7,(anonymous_0)
FNF:1
FNH:1
FNDA:1,(anonymous_0)
DA:1,1
DA:2,1
DA:3,1
DA:4,1
DA:5,1
DA:7,1
DA:8,1
DA:10,1
DA:16,1
LF:9
LH:9
BRF:0
BRH:0
end_of_record
TN:
SF:backend/routes/logout.js
FN:6,(anonymous_0)
FN:8,(anonymous_1)
FN:14,(anonymous_2)
FNF:3
FNH:0
FNDA:0,(anonymous_0)
FNDA:0,(anonymous_1)
FNDA:0,(anonymous_2)
DA:1,1
DA:2,1
DA:3,1
DA:4,1
DA:6,1
DA:8,0
DA:9,0
DA:10,0
DA:12,0
DA:14,1
DA:17,1
LF:11
LH:7
BRDA:9,0,0,0
BRDA:9,0,1,0
BRF:2
BRH:0
end_of_record
TN:
SF:backend/routes/profile.js
FN:7,(anonymous_0)
FN:11,(anonymous_1)
FNF:2
FNH:1
FNDA:0,(anonymous_0)
FNDA:6,(anonymous_1)
DA:1,1
DA:2,1
DA:3,1
DA:4,1
DA:5,1
DA:7,1
DA:8,0
DA:11,1
DA:12,6
DA:13,6
DA:14,0
DA:16,6
DA:17,1
DA:18,1
DA:20,5
DA:21,1
DA:22,1
DA:24,4
DA:25,1
DA:26,1
DA:28,3
DA:29,0
DA:30,0
DA:32,3
DA:33,1
DA:34,1
DA:37,2
DA:38,0
DA:39,0
DA:41,2
DA:46,1
LF:31
LH:25
BRDA:13,0,0,0
BRDA:13,0,1,6
BRDA:13,1,0,6
BRDA:13,1,1,6
BRDA:13,1,2,6
BRDA:13,1,3,6
BRDA:13,1,4,6
BRDA:13,1,5,6
BRDA:16,2,0,1
BRDA:16,2,1,5
BRDA:20,3,0,1
BRDA:20,3,1,4
BRDA:24,4,0,1
BRDA:24,4,1,3
BRDA:28,5,0,0
BRDA:28,5,1,3
BRDA:32,6,0,1
BRDA:32,6,1,2
BRDA:37,7,0,0
BRDA:37,7,1,2
BRF:20
BRH:17
end_of_record
TN:
SF:backend/routes/quotehistory.js
FN:5,(anonymous_0)
FNF:1
FNH:0
FNDA:0,(anonymous_0)
DA:1,1
DA:2,1
DA:3,1
DA:4,1
DA:5,1
DA:6,0
DA:11,1
LF:7
LH:6
BRF:0
BRH:0
end_of_record
TN:
SF:backend/routes/register.js
FN:5,(anonymous_0)
FN:9,(anonymous_1)
FNF:2
FNH:2
FNDA:1,(anonymous_0)
FNDA:5,(anonymous_1)
DA:1,1
DA:2,1
DA:3,1
DA:4,1
DA:5,1
DA:6,1
DA:9,1
DA:10,5
DA:11,5
DA:12,5
DA:13,5
DA:14,1
DA:16,4
DA:17,1
DA:24,3
DA:25,1
DA:26,1
DA:28,2
DA:29,1
DA:32,1
DA:38,1
LF:21
LH:21
BRDA:13,0,0,1
BRDA:13,0,1,4
BRDA:13,1,0,5
BRDA:13,1,1,4
BRDA:13,1,2,4
BRDA:16,2,0,1
BRDA:16,2,1,3
BRDA:24,3,0,1
BRDA:24,3,1,2
BRDA:28,4,0,1
BRDA:28,4,1,1
BRF:11
BRH:11
end_of_record
